<?xml version="1.0" encoding="UTF-8"?>
<testsuite name="com.grow.DLT.LedgerTest" tests="14" skipped="0" failures="0" errors="0" timestamp="2020-12-11T04:13:06" hostname="Grow-061" time="0.054">
  <properties/>
  <testcase name="deleteTransaction()" classname="com.grow.DLT.LedgerTest" time="0.037"/>
  <testcase name="deleteTransactionSubscription()" classname="com.grow.DLT.LedgerTest" time="0.003"/>
  <testcase name="CodingChallengeSlide()" classname="com.grow.DLT.LedgerTest" time="0.001"/>
  <testcase name="preventSubscribeTransaction()" classname="com.grow.DLT.LedgerTest" time="0.0"/>
  <testcase name="testTransactions()" classname="com.grow.DLT.LedgerTest" time="0.0"/>
  <testcase name="getTransactions()" classname="com.grow.DLT.LedgerTest" time="0.0"/>
  <testcase name="testGetEmptyNode()" classname="com.grow.DLT.LedgerTest" time="0.0"/>
  <testcase name="preventSameIDTransaction()" classname="com.grow.DLT.LedgerTest" time="0.001"/>
  <testcase name="nodeCreateTest()" classname="com.grow.DLT.LedgerTest" time="0.001"/>
  <testcase name="testDuplicateTransactions()" classname="com.grow.DLT.LedgerTest" time="0.0"/>
  <testcase name="testSeperateTransactions()" classname="com.grow.DLT.LedgerTest" time="0.0"/>
  <testcase name="subscribe()" classname="com.grow.DLT.LedgerTest" time="0.0"/>
  <testcase name="unsubscribe()" classname="com.grow.DLT.LedgerTest" time="0.001"/>
  <testcase name="testCreateExistingNode()" classname="com.grow.DLT.LedgerTest" time="0.001"/>
  <system-out><![CDATA[]]></system-out>
  <system-err><![CDATA[]]></system-err>
</testsuite>
